<?xml version="1.0" encoding="UTF-8"?>
<testsuite xmlns:xsi="http://www.w3.org/2001/XMLSchema-instance" xsi:schemaLocation="https://maven.apache.org/surefire/maven-surefire-plugin/xsd/surefire-test-report.xsd" name="runner.Runner" time="102.744" tests="7" errors="0" skipped="0" failures="0">
  <properties>
[...]
</properties>
  <testcase name="Add no items to the cart" classname="Add items to the shopping cart" time="16.697"/>
  <testcase name="Add a single item to the cart" classname="Add items to the shopping cart" time="13.984"/>
  <testcase name="Add multiple items to the cart" classname="Add items to the shopping cart" time="14.025"/>
  <testcase name="Log into Swag Labs website as a valid user" classname="LoggedIn User" time="12.502"/>
  <testcase name="Log into Swag Labs website as a invalid user" classname="LoggedIn User" time="11.649"/>
  <testcase name="Successfully complete a purchase" classname="Payment Checkout Process" time="16.987"/>
  <testcase name="Fail to complete a purchase due to missing payment details" classname="Payment Checkout Process" time="15.895"/>
</testsuite>